  [1m[35m (227.9ms)[0m  [1m[35mCREATE DATABASE "redditclone_development" ENCODING = 'unicode'[0m
  ↳ bin/rails:9
  [1m[35m (85.7ms)[0m  [1m[35mCREATE DATABASE "redditclone_test" ENCODING = 'unicode'[0m
  ↳ bin/rails:9
  [1m[35m (15.8ms)[0m  [1m[35mCREATE TABLE "schema_migrations" ("version" character varying NOT NULL PRIMARY KEY)[0m
  ↳ bin/rails:9
  [1m[35m (4.1ms)[0m  [1m[35mCREATE TABLE "ar_internal_metadata" ("key" character varying NOT NULL PRIMARY KEY, "value" character varying, "created_at" timestamp NOT NULL, "updated_at" timestamp NOT NULL)[0m
  ↳ bin/rails:9
  [1m[35m (0.6ms)[0m  [1m[34mSELECT pg_try_advisory_lock(8218155208135281360)[0m
  ↳ bin/rails:9
  [1m[35m (0.7ms)[0m  [1m[34mSELECT "schema_migrations"."version" FROM "schema_migrations" ORDER BY "schema_migrations"."version" ASC[0m
  ↳ bin/rails:9
Migrating to CreateUsers (20210215151600)
  [1m[35m (0.2ms)[0m  [1m[35mBEGIN[0m
  ↳ bin/rails:9
  [1m[35m (6.4ms)[0m  [1m[35mCREATE TABLE "users" ("id" bigserial primary key, "username" character varying NOT NULL, "password_digest" character varying NOT NULL, "session_token" character varying NOT NULL, "created_at" timestamp NOT NULL, "updated_at" timestamp NOT NULL)[0m
  ↳ db/migrate/20210215151600_create_users.rb:3
  [1m[35m (1.5ms)[0m  [1m[35mCREATE  INDEX  "index_users_on_session_token" ON "users"  ("session_token")[0m
  ↳ db/migrate/20210215151600_create_users.rb:9
  [1m[36mActiveRecord::SchemaMigration Create (1.1ms)[0m  [1m[32mINSERT INTO "schema_migrations" ("version") VALUES ($1) RETURNING "version"[0m  [["version", "20210215151600"]]
  ↳ bin/rails:9
  [1m[35m (0.3ms)[0m  [1m[35mCOMMIT[0m
  ↳ bin/rails:9
  [1m[36mActiveRecord::InternalMetadata Load (0.4ms)[0m  [1m[34mSELECT  "ar_internal_metadata".* FROM "ar_internal_metadata" WHERE "ar_internal_metadata"."key" = $1 LIMIT $2[0m  [["key", "environment"], ["LIMIT", 1]]
  ↳ bin/rails:9
  [1m[35m (0.1ms)[0m  [1m[35mBEGIN[0m
  ↳ bin/rails:9
  [1m[36mActiveRecord::InternalMetadata Create (1.2ms)[0m  [1m[32mINSERT INTO "ar_internal_metadata" ("key", "value", "created_at", "updated_at") VALUES ($1, $2, $3, $4) RETURNING "key"[0m  [["key", "environment"], ["value", "development"], ["created_at", "2021-02-15 15:17:47.708228"], ["updated_at", "2021-02-15 15:17:47.708228"]]
  ↳ bin/rails:9
  [1m[35m (0.3ms)[0m  [1m[35mCOMMIT[0m
  ↳ bin/rails:9
  [1m[35m (0.2ms)[0m  [1m[34mSELECT pg_advisory_unlock(8218155208135281360)[0m
  ↳ bin/rails:9
  [1m[35m (0.6ms)[0m  [1m[34mSELECT "schema_migrations"."version" FROM "schema_migrations" ORDER BY "schema_migrations"."version" ASC[0m
  ↳ bin/rails:9
  [1m[35m (0.2ms)[0m  [1m[35mBEGIN[0m
  [1m[36mUser Create (4.9ms)[0m  [1m[32mINSERT INTO "users" ("username", "password_digest", "session_token", "created_at", "updated_at") VALUES ($1, $2, $3, $4, $5) RETURNING "id"[0m  [["username", "Christian"], ["password_digest", "$2a$12$zvUU/4MQ9/nSnYWTdHQcTOXneQJ7oUjrp6bSGlSDoOA3dtzjveM66"], ["session_token", "J4CGd-LRPTbM3U-EhU_CycL1ZcgEViO1tO5hDJ-6M_Y"], ["created_at", "2021-02-15 15:29:05.509270"], ["updated_at", "2021-02-15 15:29:05.509270"]]
  [1m[35m (4.2ms)[0m  [1m[35mCOMMIT[0m
  [1m[36mUser Load (2.5ms)[0m  [1m[34mSELECT  "users".* FROM "users" ORDER BY "users"."id" ASC LIMIT $1[0m  [["LIMIT", 1]]
  [1m[36mUser Load (0.5ms)[0m  [1m[34mSELECT  "users".* FROM "users" ORDER BY "users"."id" ASC LIMIT $1[0m  [["LIMIT", 1]]
  [1m[36mUser Load (0.6ms)[0m  [1m[34mSELECT  "users".* FROM "users" ORDER BY "users"."id" ASC LIMIT $1[0m  [["LIMIT", 1]]
Started GET "/" for ::1 at 2021-02-15 11:11:46 -0500
  [1m[35m (1.4ms)[0m  [1m[34mSELECT "schema_migrations"."version" FROM "schema_migrations" ORDER BY "schema_migrations"."version" ASC[0m
  ↳ /Users/chrayshawn/.rbenv/versions/2.5.1/lib/ruby/gems/2.5.0/gems/activerecord-5.2.4.5/lib/active_record/log_subscriber.rb:98
Processing by Rails::WelcomeController#index as HTML
  Rendering /Users/chrayshawn/.rbenv/versions/2.5.1/lib/ruby/gems/2.5.0/gems/railties-5.2.4.5/lib/rails/templates/rails/welcome/index.html.erb
  Rendered /Users/chrayshawn/.rbenv/versions/2.5.1/lib/ruby/gems/2.5.0/gems/railties-5.2.4.5/lib/rails/templates/rails/welcome/index.html.erb (3.0ms)
Completed 200 OK in 19ms (Views: 9.8ms | ActiveRecord: 0.0ms)


Started GET "/users" for ::1 at 2021-02-15 11:11:52 -0500
Processing by UsersController#index as HTML
  Rendering users/index.html.erb within layouts/application
  [1m[36mUser Load (0.8ms)[0m  [1m[34mSELECT "users".* FROM "users"[0m
  ↳ app/views/users/index.html.erb:3
  Rendered users/index.html.erb within layouts/application (13.7ms)
Completed 200 OK in 708ms (Views: 696.4ms | ActiveRecord: 7.1ms)


Started GET "/users/1" for ::1 at 2021-02-15 11:11:56 -0500
Processing by UsersController#show as HTML
  Parameters: {"id"=>"1"}
  [1m[36mUser Load (0.7ms)[0m  [1m[34mSELECT  "users".* FROM "users" WHERE "users"."id" = $1 LIMIT $2[0m  [["id", 1], ["LIMIT", 1]]
  ↳ app/controllers/users_controller.rb:8
  Rendering users/show.html.erb within layouts/application
  Rendered users/show.html.erb within layouts/application (0.7ms)
Completed 200 OK in 51ms (Views: 45.3ms | ActiveRecord: 0.9ms)


Started GET "/users/1" for ::1 at 2021-02-15 11:11:59 -0500
Processing by UsersController#show as HTML
  Parameters: {"id"=>"1"}
  [1m[36mUser Load (0.7ms)[0m  [1m[34mSELECT  "users".* FROM "users" WHERE "users"."id" = $1 LIMIT $2[0m  [["id", 1], ["LIMIT", 1]]
  ↳ app/controllers/users_controller.rb:8
  Rendering users/show.html.erb within layouts/application
  Rendered users/show.html.erb within layouts/application (0.5ms)
Completed 200 OK in 25ms (Views: 23.2ms | ActiveRecord: 0.7ms)


Started GET "/users/1" for ::1 at 2021-02-15 11:12:02 -0500
Processing by UsersController#show as HTML
  Parameters: {"id"=>"1"}
  [1m[36mUser Load (0.6ms)[0m  [1m[34mSELECT  "users".* FROM "users" WHERE "users"."id" = $1 LIMIT $2[0m  [["id", 1], ["LIMIT", 1]]
  ↳ app/controllers/users_controller.rb:8
  Rendering users/show.html.erb within layouts/application
  Rendered users/show.html.erb within layouts/application (0.3ms)
Completed 200 OK in 26ms (Views: 24.3ms | ActiveRecord: 0.6ms)


Started GET "/users/1" for ::1 at 2021-02-15 11:21:25 -0500
Processing by UsersController#show as HTML
  Parameters: {"id"=>"1"}
  [1m[36mUser Load (0.5ms)[0m  [1m[34mSELECT  "users".* FROM "users" WHERE "users"."id" = $1 LIMIT $2[0m  [["id", 1], ["LIMIT", 1]]
  ↳ app/controllers/users_controller.rb:8
  Rendering users/show.html.erb within layouts/application
  Rendered users/show.html.erb within layouts/application (0.3ms)
Completed 500 Internal Server Error in 266ms (ActiveRecord: 16.3ms)



NameError - undefined local variable or method `user' for #<UsersController:0x00007fa3f2741c90>
Did you mean?  @user:
  app/controllers/application_controller.rb:4:in `current_user'
  app/controllers/application_controller.rb:8:in `signed_in?'
  app/views/layouts/application.html.erb:13:in `_app_views_layouts_application_html_erb___1438244565760426388_70171119073640'
  app/controllers/users_controller.rb:9:in `show'

Started POST "/__better_errors/e77f79053cfb4a53/variables" for ::1 at 2021-02-15 11:21:25 -0500
Started GET "/users/1" for ::1 at 2021-02-15 11:22:33 -0500
  [1m[35m (1.1ms)[0m  [1m[34mSELECT "schema_migrations"."version" FROM "schema_migrations" ORDER BY "schema_migrations"."version" ASC[0m
  ↳ /Users/chrayshawn/.rbenv/versions/2.5.1/lib/ruby/gems/2.5.0/gems/activerecord-5.2.4.5/lib/active_record/log_subscriber.rb:98
Processing by UsersController#show as HTML
  Parameters: {"id"=>"1"}
  [1m[36mUser Load (0.9ms)[0m  [1m[34mSELECT  "users".* FROM "users" WHERE "users"."id" = $1 LIMIT $2[0m  [["id", 1], ["LIMIT", 1]]
  ↳ app/controllers/users_controller.rb:8
  Rendering users/show.html.erb within layouts/application
  Rendered users/show.html.erb within layouts/application (1.5ms)
Completed 500 Internal Server Error in 444ms (ActiveRecord: 8.3ms)



NameError - undefined local variable or method `user' for #<UsersController:0x00007f86eb4c2bc8>
Did you mean?  @user:
  app/controllers/application_controller.rb:4:in `current_user'
  app/controllers/application_controller.rb:8:in `signed_in?'
  app/views/layouts/application.html.erb:13:in `_app_views_layouts_application_html_erb___2884331152627379620_70108737568160'
  app/controllers/users_controller.rb:9:in `show'

Started POST "/__better_errors/c32629470b522cf1/variables" for ::1 at 2021-02-15 11:22:34 -0500
Started GET "/users/1" for ::1 at 2021-02-15 11:22:38 -0500
Processing by UsersController#show as HTML
  Parameters: {"id"=>"1"}
  [1m[36mUser Load (0.3ms)[0m  [1m[34mSELECT  "users".* FROM "users" WHERE "users"."id" = $1 LIMIT $2[0m  [["id", 1], ["LIMIT", 1]]
  ↳ app/controllers/users_controller.rb:8
  Rendering users/show.html.erb within layouts/application
  Rendered users/show.html.erb within layouts/application (0.3ms)
Completed 500 Internal Server Error in 337ms (ActiveRecord: 0.3ms)



NameError - undefined local variable or method `user' for #<UsersController:0x00007f86f50d4d18>
Did you mean?  @user:
  app/controllers/application_controller.rb:4:in `current_user'
  app/controllers/application_controller.rb:8:in `signed_in?'
  app/views/layouts/application.html.erb:13:in `_app_views_layouts_application_html_erb___2884331152627379620_70108806754640'
  app/controllers/users_controller.rb:9:in `show'

Started POST "/__better_errors/c8dda9a2812edef0/variables" for ::1 at 2021-02-15 11:22:39 -0500
Started GET "/users/1" for ::1 at 2021-02-15 11:23:05 -0500
Processing by UsersController#show as HTML
  Parameters: {"id"=>"1"}
  [1m[36mUser Load (0.3ms)[0m  [1m[34mSELECT  "users".* FROM "users" WHERE "users"."id" = $1 LIMIT $2[0m  [["id", 1], ["LIMIT", 1]]
  ↳ app/controllers/users_controller.rb:8
  Rendering users/show.html.erb within layouts/application
  Rendered users/show.html.erb within layouts/application (0.4ms)
  [1m[36mUser Load (0.3ms)[0m  [1m[34mSELECT  "users".* FROM "users" WHERE "users"."session_token" IS NULL LIMIT $1[0m  [["LIMIT", 1]]
  ↳ app/controllers/application_controller.rb:4
Completed 200 OK in 40ms (Views: 23.8ms | ActiveRecord: 6.8ms)


Started GET "/users/new" for ::1 at 2021-02-15 11:23:12 -0500
Processing by UsersController#new as HTML
  Rendering users/new.html.erb within layouts/application
  Rendered users/new.html.erb within layouts/application (0.5ms)
  [1m[36mUser Load (0.4ms)[0m  [1m[34mSELECT  "users".* FROM "users" WHERE "users"."session_token" IS NULL LIMIT $1[0m  [["LIMIT", 1]]
  ↳ app/controllers/application_controller.rb:4
Completed 200 OK in 26ms (Views: 24.6ms | ActiveRecord: 0.4ms)


Started POST "/users" for ::1 at 2021-02-15 11:23:23 -0500
Processing by UsersController#create as HTML
  Parameters: {"authenticity_token"=>"FSHqDjOqV4xFG9mPEnN9a2odWU4w1NQXMCdYzOzGrxrGdRI9s/vufqI3UgmYR6AtjN7Zp0WKme2rMLYOI/z0sg==", "user"=>{"username"=>"hello", "password"=>"[FILTERED]"}}
  [1m[35m (0.2ms)[0m  [1m[35mBEGIN[0m
  ↳ app/controllers/users_controller.rb:18
  [1m[36mUser Create (0.7ms)[0m  [1m[32mINSERT INTO "users" ("username", "password_digest", "session_token", "created_at", "updated_at") VALUES ($1, $2, $3, $4, $5) RETURNING "id"[0m  [["username", "hello"], ["password_digest", "$2a$12$jSEaFXKcUqjrvzfdRyncROsAiVTFUcKEAKVdc4wGF/JSdvyrOIykm"], ["session_token", "uPVGRYSl3R1Z4W-kizjRsUZhZIWZ4uINZ9SE0ITiW6I"], ["created_at", "2021-02-15 16:23:23.445655"], ["updated_at", "2021-02-15 16:23:23.445655"]]
  ↳ app/controllers/users_controller.rb:18
  [1m[35m (2.1ms)[0m  [1m[35mCOMMIT[0m
  ↳ app/controllers/users_controller.rb:18
  [1m[35m (0.1ms)[0m  [1m[35mBEGIN[0m
  ↳ app/controllers/users_controller.rb:19
  [1m[35m (0.1ms)[0m  [1m[35mCOMMIT[0m
  ↳ app/controllers/users_controller.rb:19
  [1m[35m (0.1ms)[0m  [1m[35mBEGIN[0m
  ↳ app/models/user.rb:18
  [1m[36mUser Update (2.6ms)[0m  [1m[33mUPDATE "users" SET "session_token" = $1, "updated_at" = $2 WHERE "users"."id" = $3[0m  [["session_token", "Q7WvTpKy3OV3dMtT7HavARmI0rHP5ogvHgJHVYNqLdk"], ["updated_at", "2021-02-15 16:23:23.450913"], ["id", 2]]
  ↳ app/models/user.rb:18
  [1m[35m (0.2ms)[0m  [1m[35mCOMMIT[0m
  ↳ app/models/user.rb:18
Redirected to http://localhost:3000/users
Completed 302 Found in 223ms (ActiveRecord: 6.2ms)


Started GET "/users" for ::1 at 2021-02-15 11:23:23 -0500
Processing by UsersController#index as HTML
  Rendering users/index.html.erb within layouts/application
  [1m[36mUser Load (0.4ms)[0m  [1m[34mSELECT "users".* FROM "users"[0m
  ↳ app/views/users/index.html.erb:3
  Rendered users/index.html.erb within layouts/application (1.3ms)
  [1m[36mUser Load (0.5ms)[0m  [1m[34mSELECT  "users".* FROM "users" WHERE "users"."session_token" = $1 LIMIT $2[0m  [["session_token", "Q7WvTpKy3OV3dMtT7HavARmI0rHP5ogvHgJHVYNqLdk"], ["LIMIT", 1]]
  ↳ app/controllers/application_controller.rb:4
Completed 200 OK in 36ms (Views: 34.4ms | ActiveRecord: 0.9ms)


Started GET "/users/2" for ::1 at 2021-02-15 11:23:25 -0500
Processing by UsersController#show as HTML
  Parameters: {"id"=>"2"}
  [1m[36mUser Load (0.5ms)[0m  [1m[34mSELECT  "users".* FROM "users" WHERE "users"."id" = $1 LIMIT $2[0m  [["id", 2], ["LIMIT", 1]]
  ↳ app/controllers/users_controller.rb:8
  Rendering users/show.html.erb within layouts/application
  Rendered users/show.html.erb within layouts/application (0.4ms)
  [1m[36mUser Load (0.4ms)[0m  [1m[34mSELECT  "users".* FROM "users" WHERE "users"."session_token" = $1 LIMIT $2[0m  [["session_token", "Q7WvTpKy3OV3dMtT7HavARmI0rHP5ogvHgJHVYNqLdk"], ["LIMIT", 1]]
  ↳ app/controllers/application_controller.rb:4
Completed 200 OK in 37ms (Views: 33.9ms | ActiveRecord: 0.9ms)


Started GET "/users/2" for ::1 at 2021-02-15 11:23:26 -0500
Processing by UsersController#show as HTML
  Parameters: {"id"=>"2"}
  [1m[36mUser Load (0.5ms)[0m  [1m[34mSELECT  "users".* FROM "users" WHERE "users"."id" = $1 LIMIT $2[0m  [["id", 2], ["LIMIT", 1]]
  ↳ app/controllers/users_controller.rb:8
  Rendering users/show.html.erb within layouts/application
  Rendered users/show.html.erb within layouts/application (0.3ms)
  [1m[36mUser Load (0.5ms)[0m  [1m[34mSELECT  "users".* FROM "users" WHERE "users"."session_token" = $1 LIMIT $2[0m  [["session_token", "Q7WvTpKy3OV3dMtT7HavARmI0rHP5ogvHgJHVYNqLdk"], ["LIMIT", 1]]
  ↳ app/controllers/application_controller.rb:4
Completed 200 OK in 34ms (Views: 31.1ms | ActiveRecord: 1.0ms)


